<?xml version="1.0" encoding="UTF-8"?>
<!-- Generated by org.testng.reporters.JUnitReportReporter -->
<testsuite hostname="DESKTOP-3DRDQ0O" failures="0" tests="2" name="com.ts.BTests" time="0.004" errors="0" timestamp="2023-10-17T16:13:47 IST" skipped="0">
  <testcase classname="com.ts.BTests" name="m6" time="0.002"/>
  <testcase classname="com.ts.BTests" name="m6" time="0.002"/>
</testsuite> <!-- com.ts.BTests -->
