<?xml version="1.0" encoding="UTF-8"?>
<!-- Generated by org.testng.reporters.JUnitReportReporter -->
<testsuite hostname="DESKTOP-3DRDQ0O" failures="0" tests="1" name="com.mv.PDemo" time="34.486" errors="0" timestamp="2023-10-15T15:14:55 IST" skipped="0">
  <testcase classname="com.mv.PDemo" name="varifySearchResults" time="34.486"/>
</testsuite> <!-- com.mv.PDemo -->
